0 info it worked if it ends with ok
1 verbose cli [ '/usr/local/bin/iojs', '/usr/local/bin/npm', 'start' ]
2 info using npm@3.3.12
3 info using node@v4.2.2
4 verbose run-script [ 'prestart', 'start', 'poststart' ]
5 info lifecycle breakout-clone@1.0.0~prestart: breakout-clone@1.0.0
6 silly lifecycle breakout-clone@1.0.0~prestart: no script for prestart, continuing
7 info lifecycle breakout-clone@1.0.0~start: breakout-clone@1.0.0
8 verbose lifecycle breakout-clone@1.0.0~start: unsafe-perm in lifecycle true
9 verbose lifecycle breakout-clone@1.0.0~start: PATH: /usr/local/lib/node_modules/npm/bin/node-gyp-bin:/Users/apple/Documents/O/Game/breakoutClone/node_modules/.bin:/Users/apple/.dnx/runtimes/dnx-mono.1.0.0-beta8/bin:/Users/apple/.dnx/bin:/Applications/nwjs-v0.12.3-osx-x64/nwjs.app/Contents/MacOS:/Applications/Sublime Text 2.app/Contents/SharedSupport/bin:/Users/apple/Documents/mongodb/bin:/Users/apple/Documents/O/cocos2d-js-v3.0-rc0/tools/cocos2d-console/bin:/usr/local/rvm/gems/ruby-1.9.3-p194/bin:/System/Library/Frameworks/Python.framwork/Versions/2.7/bin:/usr/local/bin:/usr/bin:/bin:/usr/sbin:/sbin:/opt/X11/bin:/usr/local/git/bin:/opt/sm/bin:/opt/sm/pkg/active/bin:/opt/sm/pkg/active/sbin:/usr/local/rvm/bin:/Users/apple/Desktop/eclipseAndroid/sdk/platform-tools:/Users/apple/Desktop/eclipseAndroid/sdk/tools
10 verbose lifecycle breakout-clone@1.0.0~start: CWD: /Users/apple/Documents/O/Game/breakoutClone
11 silly lifecycle breakout-clone@1.0.0~start: Args: [ '-c', 'webpack-dev-server -h --inline -d' ]
12 silly lifecycle breakout-clone@1.0.0~start: Returned: code: 255  signal: null
13 info lifecycle breakout-clone@1.0.0~start: Failed to exec start script
14 verbose stack Error: breakout-clone@1.0.0 start: `webpack-dev-server -h --inline -d`
14 verbose stack Exit status 255
14 verbose stack     at EventEmitter.<anonymous> (/usr/local/lib/node_modules/npm/lib/utils/lifecycle.js:232:16)
14 verbose stack     at emitTwo (events.js:87:13)
14 verbose stack     at EventEmitter.emit (events.js:172:7)
14 verbose stack     at ChildProcess.<anonymous> (/usr/local/lib/node_modules/npm/lib/utils/spawn.js:24:14)
14 verbose stack     at emitTwo (events.js:87:13)
14 verbose stack     at ChildProcess.emit (events.js:172:7)
14 verbose stack     at maybeClose (internal/child_process.js:818:16)
14 verbose stack     at Process.ChildProcess._handle.onexit (internal/child_process.js:211:5)
15 verbose pkgid breakout-clone@1.0.0
16 verbose cwd /Users/apple/Documents/O/Game/breakoutClone
17 error Darwin 14.5.0
18 error argv "/usr/local/bin/iojs" "/usr/local/bin/npm" "start"
19 error node v4.2.2
20 error npm  v3.3.12
21 error code ELIFECYCLE
22 error breakout-clone@1.0.0 start: `webpack-dev-server -h --inline -d`
22 error Exit status 255
23 error Failed at the breakout-clone@1.0.0 start script 'webpack-dev-server -h --inline -d'.
23 error Make sure you have the latest version of node.js and npm installed.
23 error If you do, this is most likely a problem with the breakout-clone package,
23 error not with npm itself.
23 error Tell the author that this fails on your system:
23 error     webpack-dev-server -h --inline -d
23 error You can get their info via:
23 error     npm owner ls breakout-clone
23 error There is likely additional logging output above.
24 verbose exit [ 1, true ]
